Performing C++ SOURCE FILE Test ICONV_SECOND_ARGUMENT_IS_CONST failed with the following output:
Change Dir: /home/kevin/Projekte/Privat/genieutils/var/build/CMakeFiles/CMakeTmp

Run Build Command(s):/usr/bin/make cmTC_732a5/fast && /usr/bin/make  -f CMakeFiles/cmTC_732a5.dir/build.make CMakeFiles/cmTC_732a5.dir/build
make[1]: Verzeichnis „/home/kevin/Projekte/Privat/genieutils/var/build/CMakeFiles/CMakeTmp“ wird betreten
Building CXX object CMakeFiles/cmTC_732a5.dir/src.cxx.o
/usr/bin/c++   -DICONV_SECOND_ARGUMENT_IS_CONST -o CMakeFiles/cmTC_732a5.dir/src.cxx.o -c /home/kevin/Projekte/Privat/genieutils/var/build/CMakeFiles/CMakeTmp/src.cxx
/home/kevin/Projekte/Privat/genieutils/var/build/CMakeFiles/CMakeTmp/src.cxx: In Funktion »int main()«:
/home/kevin/Projekte/Privat/genieutils/var/build/CMakeFiles/CMakeTmp/src.cxx:9:17: Fehler: ungültige Umwandlung von »const char**« in »char**« [-fpermissive]
    9 |     iconv(conv, &in, &ilen, &out, &olen);
      |                 ^~~
      |                 |
      |                 const char**
In Datei, eingebunden von /home/kevin/Projekte/Privat/genieutils/var/build/CMakeFiles/CMakeTmp/src.cxx:2:
/usr/include/iconv.h:42:54: Anmerkung:   Argument 2 von »size_t iconv(iconv_t, char**, size_t*, char**, size_t*)« wird initialisiert
   42 | extern size_t iconv (iconv_t __cd, char **__restrict __inbuf,
      |                                    ~~~~~~~~~~~~~~~~~~^~~~~~~
make[1]: *** [CMakeFiles/cmTC_732a5.dir/build.make:85: CMakeFiles/cmTC_732a5.dir/src.cxx.o] Fehler 1
make[1]: Verzeichnis „/home/kevin/Projekte/Privat/genieutils/var/build/CMakeFiles/CMakeTmp“ wird verlassen
make: *** [Makefile:140: cmTC_732a5/fast] Fehler 2


Source file was:

  #include <iconv.h>
  int main(){
    iconv_t conv = 0;
    const char* in = 0;
    size_t ilen = 0;
    char* out = 0;
    size_t olen = 0;
    iconv(conv, &in, &ilen, &out, &olen);
    return 0;
  }

